[2025-09-01T10:54:43.326Z] Старт браузера (headless=false)
[2025-09-01T10:54:48.317Z] Запуск дії login.test
[2025-09-01T10:54:48.328Z] INIT: preload cookies (IG/Threads)
[2025-09-01T10:54:48.330Z] Перехід на threads.com/threads.net (uk)
[2025-09-01T10:54:50.962Z] SCREENSHOT: D:\OSPanel\home\threads.pupperteer\screens\2025-09-01T10-54-50-305Z_sso_before.png
[2025-09-01T10:54:51.012Z] Клік «Продовжити з Instagram» (первинний)
[2025-09-01T10:55:02.564Z] SCREENSHOT: D:\OSPanel\home\threads.pupperteer\screens\2025-09-01T10-54-51-304Z_missing_continue_with_instagram.png
[2025-09-01T10:55:02.568Z] [FATAL] Error: Не знайшов кнопку «Продовжити з Instagram»
    at ensureThreadsReady (file:///D:/OSPanel/home/threads.pupperteer/core/login.js:229:21)
    at async login.test (file:///D:/OSPanel/home/threads.pupperteer/runners/threads.js:33:9)
    at async main (file:///D:/OSPanel/home/threads.pupperteer/runners/threads.js:64:18)
[2025-09-01T10:55:02.578Z] Збереження стану та закриття браузера
[2025-09-01T10:59:48.320Z] Старт браузера (headless=false)
[2025-09-01T10:59:56.326Z] Запуск дії login.test
[2025-09-01T10:59:56.358Z] INIT: preload cookies (IG/Threads)
[2025-09-01T10:59:56.363Z] Перехід на threads.com/threads.net (uk)
[2025-09-01T10:59:59.533Z] SCREENSHOT: D:\OSPanel\home\threads.pupperteer\screens\2025-09-01T10-59-59-191Z_sso_before.png
[2025-09-01T10:59:59.547Z] Клік «Продовжити з Instagram» (первинний)
[2025-09-01T10:59:59.955Z] SCREENSHOT: D:\OSPanel\home\threads.pupperteer\screens\2025-09-01T10-59-59-562Z_missing_continue_with_instagram.png
[2025-09-01T10:59:59.961Z] [FATAL] Error: Не знайшов кнопку «Продовжити з Instagram»
    at ensureThreadsReady (file:///D:/OSPanel/home/threads.pupperteer/core/login.js:229:21)
    at async login.test (file:///D:/OSPanel/home/threads.pupperteer/runners/threads.js:33:9)
    at async main (file:///D:/OSPanel/home/threads.pupperteer/runners/threads.js:64:18)
[2025-09-01T10:59:59.964Z] Збереження стану та закриття браузера
